INFO:__main__:test_folder, None, True, C:\Users\malgu\Desktop\DeepPython
INFO:__main__:test, py, False, C:\Users\malgu\Desktop\DeepPython
INFO:__main__:refs, None, True, C:\Users\malgu\Desktop\DeepPython\.git
INFO:__main__:index, None, False, C:\Users\malgu\Desktop\DeepPython\.git
INFO:__main__:update, sample, False, C:\Users\malgu\Desktop\DeepPython\.git\hooks
INFO:__main__:exclude, None, False, C:\Users\malgu\Desktop\DeepPython\.git\info
INFO:__main__:refs, None, True, C:\Users\malgu\Desktop\DeepPython\.git\logs
INFO:__main__:HEAD, None, False, C:\Users\malgu\Desktop\DeepPython\.git\logs
INFO:__main__:remotes, None, True, C:\Users\malgu\Desktop\DeepPython\.git\logs\refs
INFO:__main__:master, None, False, C:\Users\malgu\Desktop\DeepPython\.git\logs\refs\heads
INFO:__main__:origin, None, True, C:\Users\malgu\Desktop\DeepPython\.git\logs\refs\remotes
INFO:__main__:master, None, False, C:\Users\malgu\Desktop\DeepPython\.git\logs\refs\remotes\origin
INFO:__main__:pack, None, True, C:\Users\malgu\Desktop\DeepPython\.git\objects
INFO:__main__:fb56d1c3ec3147120f38a9fb61c73e6e83220a, None, False, C:\Users\malgu\Desktop\DeepPython\.git\objects\00
INFO:__main__:4495218b57dd0e3a714eef433e669fe8238270, None, False, C:\Users\malgu\Desktop\DeepPython\.git\objects\01
INFO:__main__:20e687bd8ddb70854ee89dc586afe92415e321, None, False, C:\Users\malgu\Desktop\DeepPython\.git\objects\02
INFO:__main__:98391e769fdbd25019577607bf4bdf8615203d, None, False, C:\Users\malgu\Desktop\DeepPython\.git\objects\03
INFO:__main__:c439f9ee9bc3445fc3b3fb6c8b7dd354590fdc, None, False, C:\Users\malgu\Desktop\DeepPython\.git\objects\04
INFO:__main__:d9ec6fa45bcc74049f50c18114a6a195409173, None, False, C:\Users\malgu\Desktop\DeepPython\.git\objects\05
INFO:__main__:9f31b0c8565e164a2897a16f1ad20680efae45, None, False, C:\Users\malgu\Desktop\DeepPython\.git\objects\06
INFO:__main__:b7ea1365815efbb0bcff7f24355e2d47440434, None, False, C:\Users\malgu\Desktop\DeepPython\.git\objects\07
INFO:__main__:24a97a9c16f91d34d38ae53ef39aada23ddf7c, None, False, C:\Users\malgu\Desktop\DeepPython\.git\objects\08
INFO:__main__:374dc07aa047465a5ddd942befd1ad59776f90, None, False, C:\Users\malgu\Desktop\DeepPython\.git\objects\0a
INFO:__main__:045744a46790fe7ad517ce56bb2b1347d75344, None, False, C:\Users\malgu\Desktop\DeepPython\.git\objects\0b
INFO:__main__:9c63ef6f0bfaf0752aa807dd6cd03be50f6ab0, None, False, C:\Users\malgu\Desktop\DeepPython\.git\objects\0c
INFO:__main__:a9a5b89651fd7e547789893698d52d6af41942, None, False, C:\Users\malgu\Desktop\DeepPython\.git\objects\0e
INFO:__main__:5ce2da2d6447d11dfe32bfb846c3d5b199fc99, None, False, C:\Users\malgu\Desktop\DeepPython\.git\objects\10
INFO:__main__:59264d927d1b0eb2d3d3ecfc66c980fe5d073a, None, False, C:\Users\malgu\Desktop\DeepPython\.git\objects\11
INFO:__main__:fd6bc9fef11528a43f6a4839f8a1a0f0051335, None, False, C:\Users\malgu\Desktop\DeepPython\.git\objects\12
INFO:__main__:e869a61b5216690ea8985a26430ff79a24a18c, None, False, C:\Users\malgu\Desktop\DeepPython\.git\objects\13
INFO:__main__:8553c7080c1ad42e1f4d47afc635602a6cebda, None, False, C:\Users\malgu\Desktop\DeepPython\.git\objects\14
INFO:__main__:630b87c68ed4ee1bc153864b0a832dc6be453d, None, False, C:\Users\malgu\Desktop\DeepPython\.git\objects\15
INFO:__main__:37d40af8393a7ca26934b68b3ea5967812c7a7, None, False, C:\Users\malgu\Desktop\DeepPython\.git\objects\16
INFO:__main__:dbad7147f273458654e6ee83a71fdeb1aaf9bb, None, False, C:\Users\malgu\Desktop\DeepPython\.git\objects\17
INFO:__main__:bfaa3a70477ffb59f23d6cdd8678b727b996a4, None, False, C:\Users\malgu\Desktop\DeepPython\.git\objects\18
INFO:__main__:a3bbd7e11d4053c80f99453345a48938e78277, None, False, C:\Users\malgu\Desktop\DeepPython\.git\objects\19
INFO:__main__:dd414ea1a99a517f1480bdcc2eea43b0a44bc2, None, False, C:\Users\malgu\Desktop\DeepPython\.git\objects\1a
INFO:__main__:d996b99bc4be99eac7e4974932cfd87a386d62, None, False, C:\Users\malgu\Desktop\DeepPython\.git\objects\1b
INFO:__main__:68626c97e74f8ae725b4e932d2b42a0a705635, None, False, C:\Users\malgu\Desktop\DeepPython\.git\objects\1c
INFO:__main__:35048f44c5dc9a37a6949731e1ba16ff2279d8, None, False, C:\Users\malgu\Desktop\DeepPython\.git\objects\1d
INFO:__main__:b359e808e0d6786fb593317571dc2aaeb04f32, None, False, C:\Users\malgu\Desktop\DeepPython\.git\objects\1e
INFO:__main__:2a5c864abab99ac662a0c8f1bc78825b6e9d4c, None, False, C:\Users\malgu\Desktop\DeepPython\.git\objects\1f
INFO:__main__:e47a85e9b53fcdc9240464421a6ce604d526de, None, False, C:\Users\malgu\Desktop\DeepPython\.git\objects\20
INFO:__main__:b121dafc44fa603596d78b3bceeab007a8b3aa, None, False, C:\Users\malgu\Desktop\DeepPython\.git\objects\21
INFO:__main__:604c9e3a532b79e326b9f21a246f8a0b37ea85, None, False, C:\Users\malgu\Desktop\DeepPython\.git\objects\25
INFO:__main__:d33521af10bcc7fd8cea344038eaaeb78d0ef5, None, False, C:\Users\malgu\Desktop\DeepPython\.git\objects\26
INFO:__main__:7ff62c38004ea94d4d22b3107f492a74c1b841, None, False, C:\Users\malgu\Desktop\DeepPython\.git\objects\27
INFO:__main__:d0f247c39fa563a0a403a68ff2942c91910b90, None, False, C:\Users\malgu\Desktop\DeepPython\.git\objects\28
INFO:__main__:b8b8aa417a65ad43b7b8addb424dbffae5fc34, None, False, C:\Users\malgu\Desktop\DeepPython\.git\objects\29
INFO:__main__:cce7be2ade805396aed1b4185b5a9ad3d5edc0, None, False, C:\Users\malgu\Desktop\DeepPython\.git\objects\2a
INFO:__main__:985d36f2dd805ab496f4d78e30fa208eedf2f3, None, False, C:\Users\malgu\Desktop\DeepPython\.git\objects\2b
INFO:__main__:b4702203685982100b82198918a8f488d68a86, None, False, C:\Users\malgu\Desktop\DeepPython\.git\objects\2c
INFO:__main__:0d9de43ec02bf873a75f9ba40edb02564968ab, None, False, C:\Users\malgu\Desktop\DeepPython\.git\objects\2d
INFO:__main__:d85a94f0d58fa14c309bf8b44d1677fcd0d752, None, False, C:\Users\malgu\Desktop\DeepPython\.git\objects\2e
INFO:__main__:48bbb467fd0f53f34f26056276dc7cde0e435b, None, False, C:\Users\malgu\Desktop\DeepPython\.git\objects\2f
INFO:__main__:b0980eaddfbe348a4ff340a913b9c725a9852e, None, False, C:\Users\malgu\Desktop\DeepPython\.git\objects\30
INFO:__main__:33f73dc449a1ae5cf7a8ba68fd02cd796fca49, None, False, C:\Users\malgu\Desktop\DeepPython\.git\objects\31
INFO:__main__:e7d078d1ee1505cc44f6d86cb91d540edf994c, None, False, C:\Users\malgu\Desktop\DeepPython\.git\objects\33
INFO:__main__:c180da22ef051d76a03eef9c3b564a322f6e1f, None, False, C:\Users\malgu\Desktop\DeepPython\.git\objects\34
INFO:__main__:c53d2e0062e41ed3164c7234975099119393e1, None, False, C:\Users\malgu\Desktop\DeepPython\.git\objects\35
INFO:__main__:5f4e83595c87ea6528bffcd11a5edd5e1cf5aa, None, False, C:\Users\malgu\Desktop\DeepPython\.git\objects\36
INFO:__main__:cb80537c188672c521451582809cd6cb1467f6, None, False, C:\Users\malgu\Desktop\DeepPython\.git\objects\38
INFO:__main__:68ba0b11f05ee4d04f6cc73baa9e465af3380d, None, False, C:\Users\malgu\Desktop\DeepPython\.git\objects\39
INFO:__main__:3942366e226a390631f10f5c7e8af8bc8de5f5, None, False, C:\Users\malgu\Desktop\DeepPython\.git\objects\3a
INFO:__main__:896ca7b77f6477e050075e976ee4b90335702f, None, False, C:\Users\malgu\Desktop\DeepPython\.git\objects\3b
INFO:__main__:1f92a64e4a2324b27abca985d0580b1b265803, None, False, C:\Users\malgu\Desktop\DeepPython\.git\objects\3d
INFO:__main__:1956f8a11db57852e4515ee94eefadb43fa5d4, None, False, C:\Users\malgu\Desktop\DeepPython\.git\objects\3e
INFO:__main__:f194dbc410a87c5cb5fc009f835b57ffb55804, None, False, C:\Users\malgu\Desktop\DeepPython\.git\objects\3f
INFO:__main__:3fe44bd6d68f913217ef189a818009c9b1304c, None, False, C:\Users\malgu\Desktop\DeepPython\.git\objects\40
INFO:__main__:5783d284862233673c39ab710e22c0c5719ad7, None, False, C:\Users\malgu\Desktop\DeepPython\.git\objects\41
INFO:__main__:d74e510ffa949e66e56d18e084c89b159d2ac6, None, False, C:\Users\malgu\Desktop\DeepPython\.git\objects\43
INFO:__main__:b9d99761bfec23a2f7bbc7c528625a4446bcf9, None, False, C:\Users\malgu\Desktop\DeepPython\.git\objects\45
INFO:__main__:de05cf7f82888800e105b8d3840c6c0d43f4d4, None, False, C:\Users\malgu\Desktop\DeepPython\.git\objects\46
INFO:__main__:48cdfc4475341ac037541efb04ec17f08f719d, None, False, C:\Users\malgu\Desktop\DeepPython\.git\objects\47
INFO:__main__:e7f211dc66474daa8f6fb5c6c086bc1f2f42f0, None, False, C:\Users\malgu\Desktop\DeepPython\.git\objects\48
INFO:__main__:6a5c3949d13eeb4ebca14c7cb43c6d85947e85, None, False, C:\Users\malgu\Desktop\DeepPython\.git\objects\49
INFO:__main__:fa079985f21a42567a385b0dd9903fd2503bca, None, False, C:\Users\malgu\Desktop\DeepPython\.git\objects\4a
INFO:__main__:4b55b7c240f0f27bf6108865abebdf7e64a52f, None, False, C:\Users\malgu\Desktop\DeepPython\.git\objects\4b
INFO:__main__:d9f9fe4126148b5153e250a708a49e881d0a10, None, False, C:\Users\malgu\Desktop\DeepPython\.git\objects\4c
INFO:__main__:952cc2a591e1958c34dd95e35e8ebc01b4bb5d, None, False, C:\Users\malgu\Desktop\DeepPython\.git\objects\4d
INFO:__main__:72dc2fd92751a55d51174baa13cab12833ecd1, None, False, C:\Users\malgu\Desktop\DeepPython\.git\objects\4e
INFO:__main__:f235de3b101d49aecd476ce45f077d6e602312, None, False, C:\Users\malgu\Desktop\DeepPython\.git\objects\4f
INFO:__main__:6c0583f80ba62025e1f01e6df82348596bd3a7, None, False, C:\Users\malgu\Desktop\DeepPython\.git\objects\50
INFO:__main__:8e78709b3fb69711c47adb6907cd31ee536e86, None, False, C:\Users\malgu\Desktop\DeepPython\.git\objects\51
INFO:__main__:cac23af6340b6eef67b576a831398c34c41c2e, None, False, C:\Users\malgu\Desktop\DeepPython\.git\objects\52
INFO:__main__:f5a94da1b242f3276008383d356f37d7fc07c7, None, False, C:\Users\malgu\Desktop\DeepPython\.git\objects\53
INFO:__main__:6f37b091354ea5fd9aec830feb3b621ed0e168, None, False, C:\Users\malgu\Desktop\DeepPython\.git\objects\54
INFO:__main__:da80e4a3f44c95e8ee0c11c72a9750138bcaa2, None, False, C:\Users\malgu\Desktop\DeepPython\.git\objects\55
INFO:__main__:ee1de4aa1c735e732b77c8a64564f9d0710186, None, False, C:\Users\malgu\Desktop\DeepPython\.git\objects\56
INFO:__main__:e61a77daa1f8b99e91333ee2f97e2587ae3785, None, False, C:\Users\malgu\Desktop\DeepPython\.git\objects\57
INFO:__main__:6d8053bd91f698a7f71f439d5584b780fd0ba9, None, False, C:\Users\malgu\Desktop\DeepPython\.git\objects\58
INFO:__main__:cead80f79b3ef6240e117127018c0885b7f242, None, False, C:\Users\malgu\Desktop\DeepPython\.git\objects\59
INFO:__main__:69c71a56247793b7dca55c719e993f445428ad, None, False, C:\Users\malgu\Desktop\DeepPython\.git\objects\5b
INFO:__main__:f993f161ee5bb3aa68fd4123949dc99df9ce1a, None, False, C:\Users\malgu\Desktop\DeepPython\.git\objects\5c
INFO:__main__:e205c09b6981276efe2c1a413c3533d399585d, None, False, C:\Users\malgu\Desktop\DeepPython\.git\objects\5d
INFO:__main__:7f7790d660e7c80677127b7dc95f41a32c6ce0, None, False, C:\Users\malgu\Desktop\DeepPython\.git\objects\5f
INFO:__main__:418f568532de529de546199179de309c9795ea, None, False, C:\Users\malgu\Desktop\DeepPython\.git\objects\60
INFO:__main__:dba903ed95077611c04706b73c8980cb17522e, None, False, C:\Users\malgu\Desktop\DeepPython\.git\objects\61
INFO:__main__:af3d3e3e66775a30f22b72bb1ebe1ec4742cd2, None, False, C:\Users\malgu\Desktop\DeepPython\.git\objects\62
INFO:__main__:80c4087cbc4f11279b0cc146cc419ed2afeab8, None, False, C:\Users\malgu\Desktop\DeepPython\.git\objects\63
INFO:__main__:da93b0fc252e95cedcc9cc0166e93ba83ebbb4, None, False, C:\Users\malgu\Desktop\DeepPython\.git\objects\64
INFO:__main__:7e96b476af7dc3e813df7ea4464fa723f20ccc, None, False, C:\Users\malgu\Desktop\DeepPython\.git\objects\65
INFO:__main__:c10bcc0040a0f8046dc52e8de335f21378bd9e, None, False, C:\Users\malgu\Desktop\DeepPython\.git\objects\66
INFO:__main__:fbca15202fd3cfe58415ff50742267a9d70a72, None, False, C:\Users\malgu\Desktop\DeepPython\.git\objects\67
INFO:__main__:603424b920120f7eb94eca2b93c044d64c2878, None, False, C:\Users\malgu\Desktop\DeepPython\.git\objects\68
INFO:__main__:e4e71e48513f3758a8fb9ac4689ec95645c079, None, False, C:\Users\malgu\Desktop\DeepPython\.git\objects\69
INFO:__main__:0b15fe259bf8fa138107f98213204e1ebeb2d5, None, False, C:\Users\malgu\Desktop\DeepPython\.git\objects\6a
INFO:__main__:c1ef6b617c8a90bc94c0649d861c3b9a4bf55d, None, False, C:\Users\malgu\Desktop\DeepPython\.git\objects\6b
INFO:__main__:fbd28923de86140129fab1ed6ed8c6ef78c457, None, False, C:\Users\malgu\Desktop\DeepPython\.git\objects\6c
INFO:__main__:a67c9cdfd7273930bb803d0a52e3bb43635bff, None, False, C:\Users\malgu\Desktop\DeepPython\.git\objects\6d
INFO:__main__:f1ea33aeac5d8064fe4e3909e09857b04a65d6, None, False, C:\Users\malgu\Desktop\DeepPython\.git\objects\6e
INFO:__main__:d74c57a6f39584138295c51ca5b50349dea0f1, None, False, C:\Users\malgu\Desktop\DeepPython\.git\objects\6f
INFO:__main__:ed435aaa930cafc0f0767c21654a8a5570c54c, None, False, C:\Users\malgu\Desktop\DeepPython\.git\objects\72
INFO:__main__:eadd1f245d2e93fa6811872bc3651be5f51517, None, False, C:\Users\malgu\Desktop\DeepPython\.git\objects\73
INFO:__main__:301ed21e2cd658500e9fe4441e986e62485c6b, None, False, C:\Users\malgu\Desktop\DeepPython\.git\objects\75
INFO:__main__:ec1065a7e8660919f31f65ec95571bd744d256, None, False, C:\Users\malgu\Desktop\DeepPython\.git\objects\76
INFO:__main__:eddea657abc265e4632ee6ef43a0dde0102d63, None, False, C:\Users\malgu\Desktop\DeepPython\.git\objects\77
INFO:__main__:e7ab65486b0508878e1080f1698886a5052856, None, False, C:\Users\malgu\Desktop\DeepPython\.git\objects\79
INFO:__main__:5ea9bf56ba8d8e0dc599962722c77cf26c359a, None, False, C:\Users\malgu\Desktop\DeepPython\.git\objects\7a
INFO:__main__:e6fbc207e59080696f466f17c46302003975f9, None, False, C:\Users\malgu\Desktop\DeepPython\.git\objects\7b
INFO:__main__:5d6a3fcc4afea53c97b8c31a8c617d7f1e02d5, None, False, C:\Users\malgu\Desktop\DeepPython\.git\objects\7c
INFO:__main__:ae8e1c55f98608edb6db6dc6dded2403d8f5b8, None, False, C:\Users\malgu\Desktop\DeepPython\.git\objects\7d
INFO:__main__:ebd48252c79f5b2b3d21866b27eb8cf1311e2e, None, False, C:\Users\malgu\Desktop\DeepPython\.git\objects\7e
INFO:__main__:70307b0fb8af3a67486f50543bcf5794874564, None, False, C:\Users\malgu\Desktop\DeepPython\.git\objects\7f
INFO:__main__:53608ef59c76022f1df4013200b444fe50bfd8, None, False, C:\Users\malgu\Desktop\DeepPython\.git\objects\81
INFO:__main__:91cc6df274c70870ee51998fbdaf62fc744d53, None, False, C:\Users\malgu\Desktop\DeepPython\.git\objects\82
INFO:__main__:ee6784edf6ba79bdb14e5ec7691011a02adc7a, None, False, C:\Users\malgu\Desktop\DeepPython\.git\objects\83
INFO:__main__:ceaed278c1aea354dc86faa16dd1fd1e49e7be, None, False, C:\Users\malgu\Desktop\DeepPython\.git\objects\84
INFO:__main__:c04fe7932b58986a5c50e1c0b4cc7188310508, None, False, C:\Users\malgu\Desktop\DeepPython\.git\objects\85
INFO:__main__:aeecfa05aa9907acd677665babd30452b08f90, None, False, C:\Users\malgu\Desktop\DeepPython\.git\objects\87
INFO:__main__:921d953ee3742d45e4dedd59a03dc8140ecf3c, None, False, C:\Users\malgu\Desktop\DeepPython\.git\objects\89
INFO:__main__:6db352d9d1d18e886233a4e8d9db44370eed44, None, False, C:\Users\malgu\Desktop\DeepPython\.git\objects\8a
INFO:__main__:b7017cdb3095e111ab6dcd4968b97749d4c690, None, False, C:\Users\malgu\Desktop\DeepPython\.git\objects\8b
INFO:__main__:d5ba2b14220cad415f500c72da9e3222a2ddbf, None, False, C:\Users\malgu\Desktop\DeepPython\.git\objects\8c
INFO:__main__:000e4554954c3fd2feb39f95213cf71d5369c8, None, False, C:\Users\malgu\Desktop\DeepPython\.git\objects\8d
INFO:__main__:c9de067f042ec71c979dc59c902eb28e44bb88, None, False, C:\Users\malgu\Desktop\DeepPython\.git\objects\8e
INFO:__main__:7a04e2d8631b201c3b2757a46ed2fa76b4ea05, None, False, C:\Users\malgu\Desktop\DeepPython\.git\objects\90
INFO:__main__:c5289d0dc3b67f93974b1dc1c5540d795f087c, None, False, C:\Users\malgu\Desktop\DeepPython\.git\objects\91
INFO:__main__:c0514372958d66dd8aa5c052a27cbd2221481c, None, False, C:\Users\malgu\Desktop\DeepPython\.git\objects\92
INFO:__main__:cb8ea6895a8761d80e80dbcdb4a638fb2e066e, None, False, C:\Users\malgu\Desktop\DeepPython\.git\objects\93
INFO:__main__:c3509b2364b120dccbabfc15baad4422b8e03e, None, False, C:\Users\malgu\Desktop\DeepPython\.git\objects\94
INFO:__main__:8827cb40cca740cb026c3185fc0004a672baca, None, False, C:\Users\malgu\Desktop\DeepPython\.git\objects\96
INFO:__main__:824ec9b0149e48c91dce4fee530335b327c686, None, False, C:\Users\malgu\Desktop\DeepPython\.git\objects\97
INFO:__main__:4a58bed0a682e23069d7103be0a0c3938a4903, None, False, C:\Users\malgu\Desktop\DeepPython\.git\objects\98
INFO:__main__:c06bc36bb7ccf0d4c8e2bb0097f6732b7d877d, None, False, C:\Users\malgu\Desktop\DeepPython\.git\objects\99
INFO:__main__:78489184cb832b3113e6de9f326b50c0a148a3, None, False, C:\Users\malgu\Desktop\DeepPython\.git\objects\9a
INFO:__main__:84d522b0611157c72921fc974b6c41ac655f9f, None, False, C:\Users\malgu\Desktop\DeepPython\.git\objects\9c
INFO:__main__:c49792ca18b6abccb4fbea950a3f4fe10c7a55, None, False, C:\Users\malgu\Desktop\DeepPython\.git\objects\9d
INFO:__main__:0d5b5aaf7207b007bdb75332bda5cc86fb0c83, None, False, C:\Users\malgu\Desktop\DeepPython\.git\objects\9e
INFO:__main__:6500081891b232fb86e33b5f85dc2fa0ad51fa, None, False, C:\Users\malgu\Desktop\DeepPython\.git\objects\9f
INFO:__main__:e957ab9cce3d01f7f43256a3ed01bfb530d325, None, False, C:\Users\malgu\Desktop\DeepPython\.git\objects\a0
INFO:__main__:2909aafd32a35858666970062f460430907767, None, False, C:\Users\malgu\Desktop\DeepPython\.git\objects\a1
INFO:__main__:89c0ef4dc5afb4e8b7fcb558540985a8550ea3, None, False, C:\Users\malgu\Desktop\DeepPython\.git\objects\a2
INFO:__main__:c8cca122741bd54b22b38fc7a3ca19e20b5397, None, False, C:\Users\malgu\Desktop\DeepPython\.git\objects\a5
INFO:__main__:f075213d6d8457e89f4277cf42da27d7f53c49, None, False, C:\Users\malgu\Desktop\DeepPython\.git\objects\a6
INFO:__main__:fe9074e366e6915fbea721ee59b8c6b8c18bd9, None, False, C:\Users\malgu\Desktop\DeepPython\.git\objects\a7
INFO:__main__:eecedfc6550c65c65f4d89a077165ede1cbc5b, None, False, C:\Users\malgu\Desktop\DeepPython\.git\objects\a9
INFO:__main__:fd8feaf768938b304c405ad313a1929cefd78e, None, False, C:\Users\malgu\Desktop\DeepPython\.git\objects\aa
INFO:__main__:d4328d270fd3bee91cd324974463c14cb8daf2, None, False, C:\Users\malgu\Desktop\DeepPython\.git\objects\ab
INFO:__main__:c179bac806bbbabd60fb6d0a2c5894002d49ac, None, False, C:\Users\malgu\Desktop\DeepPython\.git\objects\ac
INFO:__main__:a25f077806172267222ec73d3742c8d784ea52, None, False, C:\Users\malgu\Desktop\DeepPython\.git\objects\ae
INFO:__main__:c87f4b28cdf6eddcbf207e1f3f7a865e495113, None, False, C:\Users\malgu\Desktop\DeepPython\.git\objects\af
INFO:__main__:ca24290b76ed05c49ce7834f0640b5a5547870, None, False, C:\Users\malgu\Desktop\DeepPython\.git\objects\b0
INFO:__main__:9d3efe41313881e17070d9a280567af3793c99, None, False, C:\Users\malgu\Desktop\DeepPython\.git\objects\b1
INFO:__main__:d5da397d61902510c132a07d43e7b98e11c9e4, None, False, C:\Users\malgu\Desktop\DeepPython\.git\objects\b2
INFO:__main__:d5aa88989a249a283d686fb0fab16171cdd9a3, None, False, C:\Users\malgu\Desktop\DeepPython\.git\objects\b3
INFO:__main__:f985301b16cd721400c16b029d0bb5d5f34775, None, False, C:\Users\malgu\Desktop\DeepPython\.git\objects\b4
INFO:__main__:9c368809ba8bb7660bdc3930178e94cf37a2d7, None, False, C:\Users\malgu\Desktop\DeepPython\.git\objects\b5
INFO:__main__:cb3e087c9feb1176baca108117dff59e82018f, None, False, C:\Users\malgu\Desktop\DeepPython\.git\objects\b6
INFO:__main__:63358f32a7cee8e2395d334e5c3e86a40ab68c, None, False, C:\Users\malgu\Desktop\DeepPython\.git\objects\b7
INFO:__main__:ef88cfec217a535d86072bd8fa2445d812f339, None, False, C:\Users\malgu\Desktop\DeepPython\.git\objects\b8
INFO:__main__:c477439566f185546918c506fe9ff072933895, None, False, C:\Users\malgu\Desktop\DeepPython\.git\objects\b9
INFO:__main__:62296f66c6b0ca5a7ba30be270f0c204950171, None, False, C:\Users\malgu\Desktop\DeepPython\.git\objects\ba
INFO:__main__:207a59ae8294725db9da90dd13045d3e43c020, None, False, C:\Users\malgu\Desktop\DeepPython\.git\objects\bb
INFO:__main__:e296fa9c6c9227dbe620080e3c67198c878a7e, None, False, C:\Users\malgu\Desktop\DeepPython\.git\objects\bd
INFO:__main__:7512b918573d8ffe5ea023c79793291820d1ff, None, False, C:\Users\malgu\Desktop\DeepPython\.git\objects\be
INFO:__main__:7906558256680af9bcf13aac7c5a55a035acc8, None, False, C:\Users\malgu\Desktop\DeepPython\.git\objects\bf
INFO:__main__:b035d8eee61516ccc7618c5121912764015bea, None, False, C:\Users\malgu\Desktop\DeepPython\.git\objects\c0
INFO:__main__:faef3cb43ccfeb0fd647c8c21b2de806415aab, None, False, C:\Users\malgu\Desktop\DeepPython\.git\objects\c1
INFO:__main__:f2f8ab83a848f89a0cf74e64c3402e8c0b2532, None, False, C:\Users\malgu\Desktop\DeepPython\.git\objects\c5
INFO:__main__:e792f4193307e12498e69a3e73ee78d304856b, None, False, C:\Users\malgu\Desktop\DeepPython\.git\objects\c6
INFO:__main__:6e0b02eb04cdba094157bd3b435dc974fc2fac, None, False, C:\Users\malgu\Desktop\DeepPython\.git\objects\c9
INFO:__main__:a96998929282323f7841cce3e08f318fe827d0, None, False, C:\Users\malgu\Desktop\DeepPython\.git\objects\cb
INFO:__main__:0f07f9f518a7a1c39b16b5d842249b69049a7f, None, False, C:\Users\malgu\Desktop\DeepPython\.git\objects\cc
INFO:__main__:efef8843ccd4b5e782cc541186ff17aed9c0c7, None, False, C:\Users\malgu\Desktop\DeepPython\.git\objects\ce
INFO:__main__:ceabc6ba6a38218031ede440454a5b0279576e, None, False, C:\Users\malgu\Desktop\DeepPython\.git\objects\cf
INFO:__main__:db32a7570b72a66e6f433ddc93ea40870c6c12, None, False, C:\Users\malgu\Desktop\DeepPython\.git\objects\d0
INFO:__main__:34ee3ffcea94e561d84de98aaabb86674af11b, None, False, C:\Users\malgu\Desktop\DeepPython\.git\objects\d2
INFO:__main__:4af2df02627be1c2787081dd883e717c59f756, None, False, C:\Users\malgu\Desktop\DeepPython\.git\objects\d4
INFO:__main__:ed95b1998546901e0a076e571d092ff2896820, None, False, C:\Users\malgu\Desktop\DeepPython\.git\objects\d5
INFO:__main__:f9272a8a1ab7556a78725521b2a225cf326071, None, False, C:\Users\malgu\Desktop\DeepPython\.git\objects\d6
INFO:__main__:272ed12eabc582ca2dbb8ca1cc3c5906fce34c, None, False, C:\Users\malgu\Desktop\DeepPython\.git\objects\d7
INFO:__main__:a050a73ff27428d17a8c9d27749f8fc887868b, None, False, C:\Users\malgu\Desktop\DeepPython\.git\objects\d8
INFO:__main__:c9a1559c7a8aee3f00f26f9b94be468cc32f89, None, False, C:\Users\malgu\Desktop\DeepPython\.git\objects\d9
INFO:__main__:cff7b9916bfa78d5e078d7318c3cf453980122, None, False, C:\Users\malgu\Desktop\DeepPython\.git\objects\da
INFO:__main__:ce716b8f9f5ec62dab0cf0ede4379c03ce7ff6, None, False, C:\Users\malgu\Desktop\DeepPython\.git\objects\db
INFO:__main__:f5e497dbcef43ed1d67bca50bf2f6c39dea07b, None, False, C:\Users\malgu\Desktop\DeepPython\.git\objects\dc
INFO:__main__:8c24c0fad1a7dff10c7d0f8f28a371febb2e98, None, False, C:\Users\malgu\Desktop\DeepPython\.git\objects\dd
INFO:__main__:b263b0ce7375ab9bc86e1e8a1d538694890e47, None, False, C:\Users\malgu\Desktop\DeepPython\.git\objects\de
INFO:__main__:316919d5359ca9e7853543d929301b71e3b622, None, False, C:\Users\malgu\Desktop\DeepPython\.git\objects\df
INFO:__main__:e153d1aed4892b700c9f035d4edcecd97233c3, None, False, C:\Users\malgu\Desktop\DeepPython\.git\objects\e0
INFO:__main__:eac50fc501b019628a9f660142c7c5b3ef9326, None, False, C:\Users\malgu\Desktop\DeepPython\.git\objects\e1
INFO:__main__:8aacbd14922b66a5dae1a0ce69c0c54e37a5e1, None, False, C:\Users\malgu\Desktop\DeepPython\.git\objects\e2
INFO:__main__:a3e8d002bf0a383b0611ad236863baaf86e0bc, None, False, C:\Users\malgu\Desktop\DeepPython\.git\objects\e3
INFO:__main__:6ec09596b8b12f0dc9235527b1be0513f96e7b, None, False, C:\Users\malgu\Desktop\DeepPython\.git\objects\e4
INFO:__main__:47f9e6dbc24a953c91e5820df436b4e1804512, None, False, C:\Users\malgu\Desktop\DeepPython\.git\objects\e5
INFO:__main__:e6e666e62918f02a47847a246009beef4b136f, None, False, C:\Users\malgu\Desktop\DeepPython\.git\objects\e6
INFO:__main__:e8fc775081fc8b3456c1c3cb33a7b79911efc7, None, False, C:\Users\malgu\Desktop\DeepPython\.git\objects\e7
INFO:__main__:9e8dba78b04f90fe2e9885e525e6d2296a5523, None, False, C:\Users\malgu\Desktop\DeepPython\.git\objects\e8
INFO:__main__:3cc751025f0288333154dd27d33ce7c50c9c2c, None, False, C:\Users\malgu\Desktop\DeepPython\.git\objects\e9
INFO:__main__:f5d6877fc4c73599d6d42d839b028472b70906, None, False, C:\Users\malgu\Desktop\DeepPython\.git\objects\ea
INFO:__main__:30e27c655bd9c92cf62196c4774b6f1468a5b6, None, False, C:\Users\malgu\Desktop\DeepPython\.git\objects\ec
INFO:__main__:beb259a931524cfe7097c66e1dcf56192b3498, None, False, C:\Users\malgu\Desktop\DeepPython\.git\objects\ed
INFO:__main__:9ead3443ddca43a557fe05e6d274ef723b08da, None, False, C:\Users\malgu\Desktop\DeepPython\.git\objects\f0
INFO:__main__:ec5bb00594cc810a8becbacd20709ad432e1e5, None, False, C:\Users\malgu\Desktop\DeepPython\.git\objects\f1
INFO:__main__:ccd78e6d6ed783d75b3401abb0ee96e9b85af4, None, False, C:\Users\malgu\Desktop\DeepPython\.git\objects\f2
INFO:__main__:cb01eb79b26bf4ae6ab0e78f154c96e70baef2, None, False, C:\Users\malgu\Desktop\DeepPython\.git\objects\f4
INFO:__main__:a1ad15ba5ec38fd67d408d6229d307326a4e91, None, False, C:\Users\malgu\Desktop\DeepPython\.git\objects\f5
INFO:__main__:b69b7a99622f5ee8b75f56a0a4068b434ec244, None, False, C:\Users\malgu\Desktop\DeepPython\.git\objects\f6
INFO:__main__:b8d9ca22676121c98cdac859979289c76a29f7, None, False, C:\Users\malgu\Desktop\DeepPython\.git\objects\f7
INFO:__main__:a95823a555c9f64ead15c946d66c5b9d53f55b, None, False, C:\Users\malgu\Desktop\DeepPython\.git\objects\f8
INFO:__main__:c6d23758503463d3871ca93c48a6eef83c2b9d, None, False, C:\Users\malgu\Desktop\DeepPython\.git\objects\f9
INFO:__main__:f3ca7fe7aa5e356d75cde2e118fd1f107682bd, None, False, C:\Users\malgu\Desktop\DeepPython\.git\objects\fa
INFO:__main__:8762931992b99c91f923a5298c992bb52a730d, None, False, C:\Users\malgu\Desktop\DeepPython\.git\objects\fb
INFO:__main__:4441eb4df95b791f838464b0540aceaffb24ff, None, False, C:\Users\malgu\Desktop\DeepPython\.git\objects\fc
INFO:__main__:cb54292673e0e16875a64f84d02b23612ad143, None, False, C:\Users\malgu\Desktop\DeepPython\.git\objects\fd
INFO:__main__:a75b0bdf507300709a53e3b0572a9648193cf8, None, False, C:\Users\malgu\Desktop\DeepPython\.git\objects\ff
INFO:__main__:tags, None, True, C:\Users\malgu\Desktop\DeepPython\.git\refs
INFO:__main__:master, None, False, C:\Users\malgu\Desktop\DeepPython\.git\refs\heads
INFO:__main__:origin, None, True, C:\Users\malgu\Desktop\DeepPython\.git\refs\remotes
INFO:__main__:master, None, False, C:\Users\malgu\Desktop\DeepPython\.git\refs\remotes\origin
INFO:__main__:inspectionProfiles, None, True, C:\Users\malgu\Desktop\DeepPython\.idea
INFO:__main__:workspace, xml, False, C:\Users\malgu\Desktop\DeepPython\.idea
INFO:__main__:profiles_settings, xml, False, C:\Users\malgu\Desktop\DeepPython\.idea\inspectionProfiles
INFO:__main__:Scripts, None, True, C:\Users\malgu\Desktop\DeepPython\.venv
INFO:__main__:pyvenv, cfg, False, C:\Users\malgu\Desktop\DeepPython\.venv
INFO:__main__:site-packages, None, True, C:\Users\malgu\Desktop\DeepPython\.venv\Lib
INFO:__main__:__pycache__, None, True, C:\Users\malgu\Desktop\DeepPython\.venv\Lib\site-packages
INFO:__main__:_virtualenv, py, False, C:\Users\malgu\Desktop\DeepPython\.venv\Lib\site-packages
INFO:__main__:__pycache__, None, True, C:\Users\malgu\Desktop\DeepPython\.venv\Lib\site-packages\colorama
INFO:__main__:__init__, py, False, C:\Users\malgu\Desktop\DeepPython\.venv\Lib\site-packages\colorama
INFO:__main__:__pycache__, None, True, C:\Users\malgu\Desktop\DeepPython\.venv\Lib\site-packages\colorama\tests
INFO:__main__:__init__, py, False, C:\Users\malgu\Desktop\DeepPython\.venv\Lib\site-packages\colorama\tests
INFO:__main__:__init__.cpython-312, pyc, False, C:\Users\malgu\Desktop\DeepPython\.venv\Lib\site-packages\colorama\tests\__pycache__
INFO:__main__:__init__.cpython-312, pyc, False, C:\Users\malgu\Desktop\DeepPython\.venv\Lib\site-packages\colorama\__pycache__
INFO:__main__:licenses, None, True, C:\Users\malgu\Desktop\DeepPython\.venv\Lib\site-packages\colorama-0.4.6.dist-info
INFO:__main__:WHEEL, None, False, C:\Users\malgu\Desktop\DeepPython\.venv\Lib\site-packages\colorama-0.4.6.dist-info
INFO:__main__:LICENSE, txt, False, C:\Users\malgu\Desktop\DeepPython\.venv\Lib\site-packages\colorama-0.4.6.dist-info\licenses
INFO:__main__:__pycache__, None, True, C:\Users\malgu\Desktop\DeepPython\.venv\Lib\site-packages\iniconfig
INFO:__main__:__init__, py, False, C:\Users\malgu\Desktop\DeepPython\.venv\Lib\site-packages\iniconfig
INFO:__main__:__init__.cpython-312, pyc, False, C:\Users\malgu\Desktop\DeepPython\.venv\Lib\site-packages\iniconfig\__pycache__
INFO:__main__:licenses, None, True, C:\Users\malgu\Desktop\DeepPython\.venv\Lib\site-packages\iniconfig-2.0.0.dist-info
INFO:__main__:WHEEL, None, False, C:\Users\malgu\Desktop\DeepPython\.venv\Lib\site-packages\iniconfig-2.0.0.dist-info
INFO:__main__:LICENSE, None, False, C:\Users\malgu\Desktop\DeepPython\.venv\Lib\site-packages\iniconfig-2.0.0.dist-info\licenses
INFO:__main__:__pycache__, None, True, C:\Users\malgu\Desktop\DeepPython\.venv\Lib\site-packages\packaging
INFO:__main__:__init__, py, False, C:\Users\malgu\Desktop\DeepPython\.venv\Lib\site-packages\packaging
INFO:__main__:__init__.cpython-312, pyc, False, C:\Users\malgu\Desktop\DeepPython\.venv\Lib\site-packages\packaging\__pycache__
INFO:__main__:WHEEL, None, False, C:\Users\malgu\Desktop\DeepPython\.venv\Lib\site-packages\packaging-24.1.dist-info
INFO:__main__:__pycache__, None, True, C:\Users\malgu\Desktop\DeepPython\.venv\Lib\site-packages\pip
INFO:__main__:__pip-runner__, py, False, C:\Users\malgu\Desktop\DeepPython\.venv\Lib\site-packages\pip
INFO:__main__:__pycache__, None, True, C:\Users\malgu\Desktop\DeepPython\.venv\Lib\site-packages\pip\_internal
INFO:__main__:__init__, py, False, C:\Users\malgu\Desktop\DeepPython\.venv\Lib\site-packages\pip\_internal
INFO:__main__:__pycache__, None, True, C:\Users\malgu\Desktop\DeepPython\.venv\Lib\site-packages\pip\_internal\cli
INFO:__main__:__init__, py, False, C:\Users\malgu\Desktop\DeepPython\.venv\Lib\site-packages\pip\_internal\cli
INFO:__main__:__init__.cpython-312, pyc, False, C:\Users\malgu\Desktop\DeepPython\.venv\Lib\site-packages\pip\_internal\cli\__pycache__
INFO:__main__:__pycache__, None, True, C:\Users\malgu\Desktop\DeepPython\.venv\Lib\site-packages\pip\_internal\commands
INFO:__main__:__init__, py, False, C:\Users\malgu\Desktop\DeepPython\.venv\Lib\site-packages\pip\_internal\commands
INFO:__main__:__init__.cpython-312, pyc, False, C:\Users\malgu\Desktop\DeepPython\.venv\Lib\site-packages\pip\_internal\commands\__pycache__
INFO:__main__:__pycache__, None, True, C:\Users\malgu\Desktop\DeepPython\.venv\Lib\site-packages\pip\_internal\distributions
INFO:__main__:__init__, py, False, C:\Users\malgu\Desktop\DeepPython\.venv\Lib\site-packages\pip\_internal\distributions
INFO:__main__:__init__.cpython-312, pyc, False, C:\Users\malgu\Desktop\DeepPython\.venv\Lib\site-packages\pip\_internal\distributions\__pycache__
INFO:__main__:__pycache__, None, True, C:\Users\malgu\Desktop\DeepPython\.venv\Lib\site-packages\pip\_internal\index
INFO:__main__:__init__, py, False, C:\Users\malgu\Desktop\DeepPython\.venv\Lib\site-packages\pip\_internal\index
INFO:__main__:__init__.cpython-312, pyc, False, C:\Users\malgu\Desktop\DeepPython\.venv\Lib\site-packages\pip\_internal\index\__pycache__
INFO:__main__:__pycache__, None, True, C:\Users\malgu\Desktop\DeepPython\.venv\Lib\site-packages\pip\_internal\locations
INFO:__main__:__init__, py, False, C:\Users\malgu\Desktop\DeepPython\.venv\Lib\site-packages\pip\_internal\locations
INFO:__main__:__init__.cpython-312, pyc, False, C:\Users\malgu\Desktop\DeepPython\.venv\Lib\site-packages\pip\_internal\locations\__pycache__
INFO:__main__:__pycache__, None, True, C:\Users\malgu\Desktop\DeepPython\.venv\Lib\site-packages\pip\_internal\metadata
INFO:__main__:__init__, py, False, C:\Users\malgu\Desktop\DeepPython\.venv\Lib\site-packages\pip\_internal\metadata
INFO:__main__:__pycache__, None, True, C:\Users\malgu\Desktop\DeepPython\.venv\Lib\site-packages\pip\_internal\metadata\importlib
INFO:__main__:__init__, py, False, C:\Users\malgu\Desktop\DeepPython\.venv\Lib\site-packages\pip\_internal\metadata\importlib
INFO:__main__:__init__.cpython-312, pyc, False, C:\Users\malgu\Desktop\DeepPython\.venv\Lib\site-packages\pip\_internal\metadata\importlib\__pycache__
INFO:__main__:__init__.cpython-312, pyc, False, C:\Users\malgu\Desktop\DeepPython\.venv\Lib\site-packages\pip\_internal\metadata\__pycache__
INFO:__main__:__pycache__, None, True, C:\Users\malgu\Desktop\DeepPython\.venv\Lib\site-packages\pip\_internal\models
INFO:__main__:__init__, py, False, C:\Users\malgu\Desktop\DeepPython\.venv\Lib\site-packages\pip\_internal\models
INFO:__main__:__init__.cpython-312, pyc, False, C:\Users\malgu\Desktop\DeepPython\.venv\Lib\site-packages\pip\_internal\models\__pycache__
INFO:__main__:__pycache__, None, True, C:\Users\malgu\Desktop\DeepPython\.venv\Lib\site-packages\pip\_internal\network
INFO:__main__:__init__, py, False, C:\Users\malgu\Desktop\DeepPython\.venv\Lib\site-packages\pip\_internal\network
INFO:__main__:__init__.cpython-312, pyc, False, C:\Users\malgu\Desktop\DeepPython\.venv\Lib\site-packages\pip\_internal\network\__pycache__
INFO:__main__:__pycache__, None, True, C:\Users\malgu\Desktop\DeepPython\.venv\Lib\site-packages\pip\_internal\operations
INFO:__main__:__init__, py, False, C:\Users\malgu\Desktop\DeepPython\.venv\Lib\site-packages\pip\_internal\operations
INFO:__main__:__pycache__, None, True, C:\Users\malgu\Desktop\DeepPython\.venv\Lib\site-packages\pip\_internal\operations\build
INFO:__main__:__init__, py, False, C:\Users\malgu\Desktop\DeepPython\.venv\Lib\site-packages\pip\_internal\operations\build
INFO:__main__:__init__.cpython-312, pyc, False, C:\Users\malgu\Desktop\DeepPython\.venv\Lib\site-packages\pip\_internal\operations\build\__pycache__
INFO:__main__:__pycache__, None, True, C:\Users\malgu\Desktop\DeepPython\.venv\Lib\site-packages\pip\_internal\operations\install
INFO:__main__:__init__, py, False, C:\Users\malgu\Desktop\DeepPython\.venv\Lib\site-packages\pip\_internal\operations\install
INFO:__main__:__init__.cpython-312, pyc, False, C:\Users\malgu\Desktop\DeepPython\.venv\Lib\site-packages\pip\_internal\operations\install\__pycache__
INFO:__main__:__init__.cpython-312, pyc, False, C:\Users\malgu\Desktop\DeepPython\.venv\Lib\site-packages\pip\_internal\operations\__pycache__
INFO:__main__:__pycache__, None, True, C:\Users\malgu\Desktop\DeepPython\.venv\Lib\site-packages\pip\_internal\req
INFO:__main__:__init__, py, False, C:\Users\malgu\Desktop\DeepPython\.venv\Lib\site-packages\pip\_internal\req
INFO:__main__:__init__.cpython-312, pyc, False, C:\Users\malgu\Desktop\DeepPython\.venv\Lib\site-packages\pip\_internal\req\__pycache__
INFO:__main__:__pycache__, None, True, C:\Users\malgu\Desktop\DeepPython\.venv\Lib\site-packages\pip\_internal\resolution
INFO:__main__:__init__, py, False, C:\Users\malgu\Desktop\DeepPython\.venv\Lib\site-packages\pip\_internal\resolution
INFO:__main__:__init__, py, False, C:\Users\malgu\Desktop\DeepPython\.venv\Lib\site-packages\pip\_internal\resolution\legacy
INFO:__main__:__pycache__, None, True, C:\Users\malgu\Desktop\DeepPython\.venv\Lib\site-packages\pip\_internal\resolution\resolvelib
INFO:__main__:__init__, py, False, C:\Users\malgu\Desktop\DeepPython\.venv\Lib\site-packages\pip\_internal\resolution\resolvelib
INFO:__main__:__init__.cpython-312, pyc, False, C:\Users\malgu\Desktop\DeepPython\.venv\Lib\site-packages\pip\_internal\resolution\resolvelib\__pycache__
INFO:__main__:__init__.cpython-312, pyc, False, C:\Users\malgu\Desktop\DeepPython\.venv\Lib\site-packages\pip\_internal\resolution\__pycache__
INFO:__main__:__pycache__, None, True, C:\Users\malgu\Desktop\DeepPython\.venv\Lib\site-packages\pip\_internal\utils
INFO:__main__:__init__, py, False, C:\Users\malgu\Desktop\DeepPython\.venv\Lib\site-packages\pip\_internal\utils
INFO:__main__:__init__.cpython-312, pyc, False, C:\Users\malgu\Desktop\DeepPython\.venv\Lib\site-packages\pip\_internal\utils\__pycache__
INFO:__main__:__pycache__, None, True, C:\Users\malgu\Desktop\DeepPython\.venv\Lib\site-packages\pip\_internal\vcs
INFO:__main__:__init__, py, False, C:\Users\malgu\Desktop\DeepPython\.venv\Lib\site-packages\pip\_internal\vcs
INFO:__main__:__init__.cpython-312, pyc, False, C:\Users\malgu\Desktop\DeepPython\.venv\Lib\site-packages\pip\_internal\vcs\__pycache__
INFO:__main__:__init__.cpython-312, pyc, False, C:\Users\malgu\Desktop\DeepPython\.venv\Lib\site-packages\pip\_internal\__pycache__
INFO:__main__:__pycache__, None, True, C:\Users\malgu\Desktop\DeepPython\.venv\Lib\site-packages\pip\_vendor
INFO:__main__:__init__, py, False, C:\Users\malgu\Desktop\DeepPython\.venv\Lib\site-packages\pip\_vendor
INFO:__main__:__pycache__, None, True, C:\Users\malgu\Desktop\DeepPython\.venv\Lib\site-packages\pip\_vendor\cachecontrol
INFO:__main__:__init__, py, False, C:\Users\malgu\Desktop\DeepPython\.venv\Lib\site-packages\pip\_vendor\cachecontrol
INFO:__main__:__pycache__, None, True, C:\Users\malgu\Desktop\DeepPython\.venv\Lib\site-packages\pip\_vendor\cachecontrol\caches
INFO:__main__:__init__, py, False, C:\Users\malgu\Desktop\DeepPython\.venv\Lib\site-packages\pip\_vendor\cachecontrol\caches
INFO:__main__:__init__.cpython-312, pyc, False, C:\Users\malgu\Desktop\DeepPython\.venv\Lib\site-packages\pip\_vendor\cachecontrol\caches\__pycache__
INFO:__main__:__init__.cpython-312, pyc, False, C:\Users\malgu\Desktop\DeepPython\.venv\Lib\site-packages\pip\_vendor\cachecontrol\__pycache__
INFO:__main__:__pycache__, None, True, C:\Users\malgu\Desktop\DeepPython\.venv\Lib\site-packages\pip\_vendor\certifi
INFO:__main__:__main__, py, False, C:\Users\malgu\Desktop\DeepPython\.venv\Lib\site-packages\pip\_vendor\certifi
INFO:__main__:__init__.cpython-312, pyc, False, C:\Users\malgu\Desktop\DeepPython\.venv\Lib\site-packages\pip\_vendor\certifi\__pycache__
INFO:__main__:__pycache__, None, True, C:\Users\malgu\Desktop\DeepPython\.venv\Lib\site-packages\pip\_vendor\chardet
INFO:__main__:__init__, py, False, C:\Users\malgu\Desktop\DeepPython\.venv\Lib\site-packages\pip\_vendor\chardet
INFO:__main__:__init__, py, False, C:\Users\malgu\Desktop\DeepPython\.venv\Lib\site-packages\pip\_vendor\chardet\cli
INFO:__main__:__init__, py, False, C:\Users\malgu\Desktop\DeepPython\.venv\Lib\site-packages\pip\_vendor\chardet\metadata
INFO:__main__:__init__.cpython-312, pyc, False, C:\Users\malgu\Desktop\DeepPython\.venv\Lib\site-packages\pip\_vendor\chardet\__pycache__
INFO:__main__:tests, None, True, C:\Users\malgu\Desktop\DeepPython\.venv\Lib\site-packages\pip\_vendor\colorama
INFO:__main__:__init__, py, False, C:\Users\malgu\Desktop\DeepPython\.venv\Lib\site-packages\pip\_vendor\colorama
INFO:__main__:__init__, py, False, C:\Users\malgu\Desktop\DeepPython\.venv\Lib\site-packages\pip\_vendor\colorama\tests
INFO:__main__:__pycache__, None, True, C:\Users\malgu\Desktop\DeepPython\.venv\Lib\site-packages\pip\_vendor\distlib
INFO:__main__:__init__, py, False, C:\Users\malgu\Desktop\DeepPython\.venv\Lib\site-packages\pip\_vendor\distlib
INFO:__main__:__init__.cpython-312, pyc, False, C:\Users\malgu\Desktop\DeepPython\.venv\Lib\site-packages\pip\_vendor\distlib\__pycache__
INFO:__main__:__main__, py, False, C:\Users\malgu\Desktop\DeepPython\.venv\Lib\site-packages\pip\_vendor\distro
INFO:__main__:__pycache__, None, True, C:\Users\malgu\Desktop\DeepPython\.venv\Lib\site-packages\pip\_vendor\idna
INFO:__main__:__init__, py, False, C:\Users\malgu\Desktop\DeepPython\.venv\Lib\site-packages\pip\_vendor\idna
INFO:__main__:__init__.cpython-312, pyc, False, C:\Users\malgu\Desktop\DeepPython\.venv\Lib\site-packages\pip\_vendor\idna\__pycache__
INFO:__main__:__pycache__, None, True, C:\Users\malgu\Desktop\DeepPython\.venv\Lib\site-packages\pip\_vendor\msgpack
INFO:__main__:__init__, py, False, C:\Users\malgu\Desktop\DeepPython\.venv\Lib\site-packages\pip\_vendor\msgpack
INFO:__main__:__init__.cpython-312, pyc, False, C:\Users\malgu\Desktop\DeepPython\.venv\Lib\site-packages\pip\_vendor\msgpack\__pycache__
INFO:__main__:__pycache__, None, True, C:\Users\malgu\Desktop\DeepPython\.venv\Lib\site-packages\pip\_vendor\packaging
INFO:__main__:__init__, py, False, C:\Users\malgu\Desktop\DeepPython\.venv\Lib\site-packages\pip\_vendor\packaging
INFO:__main__:__init__.cpython-312, pyc, False, C:\Users\malgu\Desktop\DeepPython\.venv\Lib\site-packages\pip\_vendor\packaging\__pycache__
INFO:__main__:__pycache__, None, True, C:\Users\malgu\Desktop\DeepPython\.venv\Lib\site-packages\pip\_vendor\pkg_resources
INFO:__main__:__init__, py, False, C:\Users\malgu\Desktop\DeepPython\.venv\Lib\site-packages\pip\_vendor\pkg_resources
INFO:__main__:__init__.cpython-312, pyc, False, C:\Users\malgu\Desktop\DeepPython\.venv\Lib\site-packages\pip\_vendor\pkg_resources\__pycache__
INFO:__main__:__pycache__, None, True, C:\Users\malgu\Desktop\DeepPython\.venv\Lib\site-packages\pip\_vendor\platformdirs
INFO:__main__:__main__, py, False, C:\Users\malgu\Desktop\DeepPython\.venv\Lib\site-packages\pip\_vendor\platformdirs
INFO:__main__:__init__.cpython-312, pyc, False, C:\Users\malgu\Desktop\DeepPython\.venv\Lib\site-packages\pip\_vendor\platformdirs\__pycache__
INFO:__main__:__pycache__, None, True, C:\Users\malgu\Desktop\DeepPython\.venv\Lib\site-packages\pip\_vendor\pygments
INFO:__main__:__main__, py, False, C:\Users\malgu\Desktop\DeepPython\.venv\Lib\site-packages\pip\_vendor\pygments
INFO:__main__:__pycache__, None, True, C:\Users\malgu\Desktop\DeepPython\.venv\Lib\site-packages\pip\_vendor\pygments\filters
INFO:__main__:__init__, py, False, C:\Users\malgu\Desktop\DeepPython\.venv\Lib\site-packages\pip\_vendor\pygments\filters
INFO:__main__:__init__.cpython-312, pyc, False, C:\Users\malgu\Desktop\DeepPython\.venv\Lib\site-packages\pip\_vendor\pygments\filters\__pycache__
INFO:__main__:__init__, py, False, C:\Users\malgu\Desktop\DeepPython\.venv\Lib\site-packages\pip\_vendor\pygments\formatters
INFO:__main__:__pycache__, None, True, C:\Users\malgu\Desktop\DeepPython\.venv\Lib\site-packages\pip\_vendor\pygments\lexers
INFO:__main__:__init__, py, False, C:\Users\malgu\Desktop\DeepPython\.venv\Lib\site-packages\pip\_vendor\pygments\lexers
INFO:__main__:__init__.cpython-312, pyc, False, C:\Users\malgu\Desktop\DeepPython\.venv\Lib\site-packages\pip\_vendor\pygments\lexers\__pycache__
INFO:__main__:__pycache__, None, True, C:\Users\malgu\Desktop\DeepPython\.venv\Lib\site-packages\pip\_vendor\pygments\styles
INFO:__main__:__init__, py, False, C:\Users\malgu\Desktop\DeepPython\.venv\Lib\site-packages\pip\_vendor\pygments\styles
INFO:__main__:__init__.cpython-312, pyc, False, C:\Users\malgu\Desktop\DeepPython\.venv\Lib\site-packages\pip\_vendor\pygments\styles\__pycache__
INFO:__main__:__init__.cpython-312, pyc, False, C:\Users\malgu\Desktop\DeepPython\.venv\Lib\site-packages\pip\_vendor\pygments\__pycache__
INFO:__main__:__pycache__, None, True, C:\Users\malgu\Desktop\DeepPython\.venv\Lib\site-packages\pip\_vendor\pyparsing
INFO:__main__:__init__, py, False, C:\Users\malgu\Desktop\DeepPython\.venv\Lib\site-packages\pip\_vendor\pyparsing
INFO:__main__:__init__, py, False, C:\Users\malgu\Desktop\DeepPython\.venv\Lib\site-packages\pip\_vendor\pyparsing\diagram
INFO:__main__:__init__.cpython-312, pyc, False, C:\Users\malgu\Desktop\DeepPython\.venv\Lib\site-packages\pip\_vendor\pyparsing\__pycache__
INFO:__main__:__pycache__, None, True, C:\Users\malgu\Desktop\DeepPython\.venv\Lib\site-packages\pip\_vendor\pyproject_hooks
INFO:__main__:__init__, py, False, C:\Users\malgu\Desktop\DeepPython\.venv\Lib\site-packages\pip\_vendor\pyproject_hooks
INFO:__main__:__pycache__, None, True, C:\Users\malgu\Desktop\DeepPython\.venv\Lib\site-packages\pip\_vendor\pyproject_hooks\_in_process
INFO:__main__:__init__, py, False, C:\Users\malgu\Desktop\DeepPython\.venv\Lib\site-packages\pip\_vendor\pyproject_hooks\_in_process
INFO:__main__:__init__.cpython-312, pyc, False, C:\Users\malgu\Desktop\DeepPython\.venv\Lib\site-packages\pip\_vendor\pyproject_hooks\_in_process\__pycache__
INFO:__main__:__init__.cpython-312, pyc, False, C:\Users\malgu\Desktop\DeepPython\.venv\Lib\site-packages\pip\_vendor\pyproject_hooks\__pycache__
INFO:__main__:__pycache__, None, True, C:\Users\malgu\Desktop\DeepPython\.venv\Lib\site-packages\pip\_vendor\requests
INFO:__main__:__version__, py, False, C:\Users\malgu\Desktop\DeepPython\.venv\Lib\site-packages\pip\_vendor\requests
INFO:__main__:__version__.cpython-312, pyc, False, C:\Users\malgu\Desktop\DeepPython\.venv\Lib\site-packages\pip\_vendor\requests\__pycache__
INFO:__main__:__pycache__, None, True, C:\Users\malgu\Desktop\DeepPython\.venv\Lib\site-packages\pip\_vendor\resolvelib
INFO:__main__:__init__, py, False, C:\Users\malgu\Desktop\DeepPython\.venv\Lib\site-packages\pip\_vendor\resolvelib
INFO:__main__:__pycache__, None, True, C:\Users\malgu\Desktop\DeepPython\.venv\Lib\site-packages\pip\_vendor\resolvelib\compat
INFO:__main__:__init__, py, False, C:\Users\malgu\Desktop\DeepPython\.venv\Lib\site-packages\pip\_vendor\resolvelib\compat
INFO:__main__:__init__.cpython-312, pyc, False, C:\Users\malgu\Desktop\DeepPython\.venv\Lib\site-packages\pip\_vendor\resolvelib\compat\__pycache__
INFO:__main__:__init__.cpython-312, pyc, False, C:\Users\malgu\Desktop\DeepPython\.venv\Lib\site-packages\pip\_vendor\resolvelib\__pycache__
INFO:__main__:__pycache__, None, True, C:\Users\malgu\Desktop\DeepPython\.venv\Lib\site-packages\pip\_vendor\rich
INFO:__main__:__main__, py, False, C:\Users\malgu\Desktop\DeepPython\.venv\Lib\site-packages\pip\_vendor\rich
INFO:__main__:__init__.cpython-312, pyc, False, C:\Users\malgu\Desktop\DeepPython\.venv\Lib\site-packages\pip\_vendor\rich\__pycache__
INFO:__main__:__pycache__, None, True, C:\Users\malgu\Desktop\DeepPython\.venv\Lib\site-packages\pip\_vendor\tenacity
INFO:__main__:__init__, py, False, C:\Users\malgu\Desktop\DeepPython\.venv\Lib\site-packages\pip\_vendor\tenacity
INFO:__main__:__init__.cpython-312, pyc, False, C:\Users\malgu\Desktop\DeepPython\.venv\Lib\site-packages\pip\_vendor\tenacity\__pycache__
INFO:__main__:__pycache__, None, True, C:\Users\malgu\Desktop\DeepPython\.venv\Lib\site-packages\pip\_vendor\tomli
INFO:__main__:__init__, py, False, C:\Users\malgu\Desktop\DeepPython\.venv\Lib\site-packages\pip\_vendor\tomli
INFO:__main__:__init__.cpython-312, pyc, False, C:\Users\malgu\Desktop\DeepPython\.venv\Lib\site-packages\pip\_vendor\tomli\__pycache__
INFO:__main__:__pycache__, None, True, C:\Users\malgu\Desktop\DeepPython\.venv\Lib\site-packages\pip\_vendor\urllib3
INFO:__main__:__init__, py, False, C:\Users\malgu\Desktop\DeepPython\.venv\Lib\site-packages\pip\_vendor\urllib3
INFO:__main__:__pycache__, None, True, C:\Users\malgu\Desktop\DeepPython\.venv\Lib\site-packages\pip\_vendor\urllib3\contrib
INFO:__main__:__init__, py, False, C:\Users\malgu\Desktop\DeepPython\.venv\Lib\site-packages\pip\_vendor\urllib3\contrib
INFO:__main__:__init__, py, False, C:\Users\malgu\Desktop\DeepPython\.venv\Lib\site-packages\pip\_vendor\urllib3\contrib\_securetransport
INFO:__main__:__init__.cpython-312, pyc, False, C:\Users\malgu\Desktop\DeepPython\.venv\Lib\site-packages\pip\_vendor\urllib3\contrib\__pycache__
INFO:__main__:__pycache__, None, True, C:\Users\malgu\Desktop\DeepPython\.venv\Lib\site-packages\pip\_vendor\urllib3\packages
INFO:__main__:__init__, py, False, C:\Users\malgu\Desktop\DeepPython\.venv\Lib\site-packages\pip\_vendor\urllib3\packages
INFO:__main__:__init__, py, False, C:\Users\malgu\Desktop\DeepPython\.venv\Lib\site-packages\pip\_vendor\urllib3\packages\backports
INFO:__main__:__init__.cpython-312, pyc, False, C:\Users\malgu\Desktop\DeepPython\.venv\Lib\site-packages\pip\_vendor\urllib3\packages\__pycache__
INFO:__main__:__pycache__, None, True, C:\Users\malgu\Desktop\DeepPython\.venv\Lib\site-packages\pip\_vendor\urllib3\util
INFO:__main__:__init__, py, False, C:\Users\malgu\Desktop\DeepPython\.venv\Lib\site-packages\pip\_vendor\urllib3\util
INFO:__main__:__init__.cpython-312, pyc, False, C:\Users\malgu\Desktop\DeepPython\.venv\Lib\site-packages\pip\_vendor\urllib3\util\__pycache__
INFO:__main__:__init__.cpython-312, pyc, False, C:\Users\malgu\Desktop\DeepPython\.venv\Lib\site-packages\pip\_vendor\urllib3\__pycache__
INFO:__main__:__init__, py, False, C:\Users\malgu\Desktop\DeepPython\.venv\Lib\site-packages\pip\_vendor\webencodings
INFO:__main__:__init__.cpython-312, pyc, False, C:\Users\malgu\Desktop\DeepPython\.venv\Lib\site-packages\pip\_vendor\__pycache__
INFO:__main__:__init__.cpython-312, pyc, False, C:\Users\malgu\Desktop\DeepPython\.venv\Lib\site-packages\pip\__pycache__
INFO:__main__:WHEEL, None, False, C:\Users\malgu\Desktop\DeepPython\.venv\Lib\site-packages\pip-23.2.1.dist-info
INFO:__main__:__pycache__, None, True, C:\Users\malgu\Desktop\DeepPython\.venv\Lib\site-packages\pluggy
INFO:__main__:__init__, py, False, C:\Users\malgu\Desktop\DeepPython\.venv\Lib\site-packages\pluggy
INFO:__main__:__init__.cpython-312, pyc, False, C:\Users\malgu\Desktop\DeepPython\.venv\Lib\site-packages\pluggy\__pycache__
INFO:__main__:WHEEL, None, False, C:\Users\malgu\Desktop\DeepPython\.venv\Lib\site-packages\pluggy-1.5.0.dist-info
INFO:__main__:__pycache__, None, True, C:\Users\malgu\Desktop\DeepPython\.venv\Lib\site-packages\pytest
INFO:__main__:__main__, py, False, C:\Users\malgu\Desktop\DeepPython\.venv\Lib\site-packages\pytest
INFO:__main__:__main__.cpython-312, pyc, False, C:\Users\malgu\Desktop\DeepPython\.venv\Lib\site-packages\pytest\__pycache__
INFO:__main__:WHEEL, None, False, C:\Users\malgu\Desktop\DeepPython\.venv\Lib\site-packages\pytest-8.3.3.dist-info
INFO:__main__:__pycache__, None, True, C:\Users\malgu\Desktop\DeepPython\.venv\Lib\site-packages\_pytest
INFO:__main__:__init__, py, False, C:\Users\malgu\Desktop\DeepPython\.venv\Lib\site-packages\_pytest
INFO:__main__:__pycache__, None, True, C:\Users\malgu\Desktop\DeepPython\.venv\Lib\site-packages\_pytest\assertion
INFO:__main__:__init__, py, False, C:\Users\malgu\Desktop\DeepPython\.venv\Lib\site-packages\_pytest\assertion
INFO:__main__:__init__.cpython-312, pyc, False, C:\Users\malgu\Desktop\DeepPython\.venv\Lib\site-packages\_pytest\assertion\__pycache__
INFO:__main__:__pycache__, None, True, C:\Users\malgu\Desktop\DeepPython\.venv\Lib\site-packages\_pytest\config
INFO:__main__:__init__, py, False, C:\Users\malgu\Desktop\DeepPython\.venv\Lib\site-packages\_pytest\config
INFO:__main__:__init__.cpython-312, pyc, False, C:\Users\malgu\Desktop\DeepPython\.venv\Lib\site-packages\_pytest\config\__pycache__
INFO:__main__:__pycache__, None, True, C:\Users\malgu\Desktop\DeepPython\.venv\Lib\site-packages\_pytest\mark
INFO:__main__:__init__, py, False, C:\Users\malgu\Desktop\DeepPython\.venv\Lib\site-packages\_pytest\mark
INFO:__main__:__init__.cpython-312, pyc, False, C:\Users\malgu\Desktop\DeepPython\.venv\Lib\site-packages\_pytest\mark\__pycache__
INFO:__main__:__pycache__, None, True, C:\Users\malgu\Desktop\DeepPython\.venv\Lib\site-packages\_pytest\_code
INFO:__main__:__init__, py, False, C:\Users\malgu\Desktop\DeepPython\.venv\Lib\site-packages\_pytest\_code
INFO:__main__:__init__.cpython-312, pyc, False, C:\Users\malgu\Desktop\DeepPython\.venv\Lib\site-packages\_pytest\_code\__pycache__
INFO:__main__:__pycache__, None, True, C:\Users\malgu\Desktop\DeepPython\.venv\Lib\site-packages\_pytest\_io
INFO:__main__:__init__, py, False, C:\Users\malgu\Desktop\DeepPython\.venv\Lib\site-packages\_pytest\_io
INFO:__main__:__init__.cpython-312, pyc, False, C:\Users\malgu\Desktop\DeepPython\.venv\Lib\site-packages\_pytest\_io\__pycache__
INFO:__main__:__pycache__, None, True, C:\Users\malgu\Desktop\DeepPython\.venv\Lib\site-packages\_pytest\_py
INFO:__main__:__init__, py, False, C:\Users\malgu\Desktop\DeepPython\.venv\Lib\site-packages\_pytest\_py
INFO:__main__:__init__.cpython-312, pyc, False, C:\Users\malgu\Desktop\DeepPython\.venv\Lib\site-packages\_pytest\_py\__pycache__
INFO:__main__:__init__.cpython-312, pyc, False, C:\Users\malgu\Desktop\DeepPython\.venv\Lib\site-packages\_pytest\__pycache__
INFO:__main__:_virtualenv.cpython-312, pyc, False, C:\Users\malgu\Desktop\DeepPython\.venv\Lib\site-packages\__pycache__
INFO:__main__:pythonw, exe, False, C:\Users\malgu\Desktop\DeepPython\.venv\Scripts
INFO:__main__:task03, py, False, C:\Users\malgu\Desktop\DeepPython\homework01
INFO:__main__:task02, py, False, C:\Users\malgu\Desktop\DeepPython\homework02
INFO:__main__:task03, py, False, C:\Users\malgu\Desktop\DeepPython\homework03
INFO:__main__:task03, py, False, C:\Users\malgu\Desktop\DeepPython\homework04
INFO:__main__:task03, py, False, C:\Users\malgu\Desktop\DeepPython\homework05
INFO:__main__:task03, py, False, C:\Users\malgu\Desktop\DeepPython\homework06
INFO:__main__:__init__, py, False, C:\Users\malgu\Desktop\DeepPython\homework07
INFO:__main__:task05, None, True, C:\Users\malgu\Desktop\DeepPython\homework08
INFO:__main__:total_sales, csv, False, C:\Users\malgu\Desktop\DeepPython\homework08
INFO:__main__:employees3, json, False, C:\Users\malgu\Desktop\DeepPython\homework08\task02
INFO:__main__:products, json, False, C:\Users\malgu\Desktop\DeepPython\homework08\task03
INFO:__main__:sales, csv, False, C:\Users\malgu\Desktop\DeepPython\homework08\task04
INFO:__main__:students, json, False, C:\Users\malgu\Desktop\DeepPython\homework08\task05
INFO:__main__:task04, py, False, C:\Users\malgu\Desktop\DeepPython\homework09
INFO:__main__:task04, py, False, C:\Users\malgu\Desktop\DeepPython\homework10
INFO:__main__:task04, py, False, C:\Users\malgu\Desktop\DeepPython\homework11
INFO:__main__:task04, py, False, C:\Users\malgu\Desktop\DeepPython\homework12
INFO:__main__:task05, py, False, C:\Users\malgu\Desktop\DeepPython\homework13
INFO:__main__:__pycache__, None, True, C:\Users\malgu\Desktop\DeepPython\homework14
INFO:__main__:task03, py, False, C:\Users\malgu\Desktop\DeepPython\homework14
INFO:__main__:v, None, True, C:\Users\malgu\Desktop\DeepPython\homework14\.pytest_cache
INFO:__main__:README, md, False, C:\Users\malgu\Desktop\DeepPython\homework14\.pytest_cache
INFO:__main__:cache, None, True, C:\Users\malgu\Desktop\DeepPython\homework14\.pytest_cache\v
INFO:__main__:stepwise, None, False, C:\Users\malgu\Desktop\DeepPython\homework14\.pytest_cache\v\cache
INFO:__main__:task03.cpython-312, pyc, False, C:\Users\malgu\Desktop\DeepPython\homework14\__pycache__
INFO:__main__:task06, py, False, C:\Users\malgu\Desktop\DeepPython\seminar02
INFO:__main__:task08, py, False, C:\Users\malgu\Desktop\DeepPython\seminar03
INFO:__main__:task09, py, False, C:\Users\malgu\Desktop\DeepPython\seminar04
INFO:__main__:task07, py, False, C:\Users\malgu\Desktop\DeepPython\seminar05
INFO:__main__:task_8, None, True, C:\Users\malgu\Desktop\DeepPython\seminar06
INFO:__main__:__init__, py, False, C:\Users\malgu\Desktop\DeepPython\seminar06
INFO:__main__:for_task_2_3, None, True, C:\Users\malgu\Desktop\DeepPython\seminar06\task_8
INFO:__main__:__init__, py, False, C:\Users\malgu\Desktop\DeepPython\seminar06\task_8
INFO:__main__:__init__, py, False, C:\Users\malgu\Desktop\DeepPython\seminar06\task_8\for_task_2_3
INFO:__main__:video, None, True, C:\Users\malgu\Desktop\DeepPython\seminar07
INFO:__main__:task07, py, False, C:\Users\malgu\Desktop\DeepPython\seminar07
INFO:__main__:zilake, wav, False, C:\Users\malgu\Desktop\DeepPython\seminar07\audio
INFO:__main__:zjnujcdktuyagfqdc, jpg, False, C:\Users\malgu\Desktop\DeepPython\seminar07\picture
INFO:__main__:yqtlqmtyajfeprwkyjqmfxslvjdxwt, smp, False, C:\Users\malgu\Desktop\DeepPython\seminar07\task04
INFO:__main__:zqgqqpoclzhmgeuogqhouhpepj, bmp, False, C:\Users\malgu\Desktop\DeepPython\seminar07\task05
INFO:__main__:zkskwcivcovfkzxdpmjebs, txt, False, C:\Users\malgu\Desktop\DeepPython\seminar07\task06
INFO:__main__:vzvasbisesavrhhiglrrwstbmdste, txt, False, C:\Users\malgu\Desktop\DeepPython\seminar07\task07
INFO:__main__:zpwtmnfcminfuagrbfbawbpjcan, mp4, False, C:\Users\malgu\Desktop\DeepPython\seminar07\video
INFO:__main__:__pycache__, None, True, C:\Users\malgu\Desktop\DeepPython\seminar08
INFO:__main__:task7_3, txt, False, C:\Users\malgu\Desktop\DeepPython\seminar08
INFO:__main__:task02.cpython-312, pyc, False, C:\Users\malgu\Desktop\DeepPython\seminar08\__pycache__
INFO:__main__:task06, py, False, C:\Users\malgu\Desktop\DeepPython\seminar09
INFO:__main__:task_extra, py, False, C:\Users\malgu\Desktop\DeepPython\seminar10
INFO:__main__:task_extra, py, False, C:\Users\malgu\Desktop\DeepPython\seminar11
INFO:__main__:task06, py, False, C:\Users\malgu\Desktop\DeepPython\seminar12
INFO:__main__:__pycache__, None, True, C:\Users\malgu\Desktop\DeepPython\seminar13
INFO:__main__:task05, py, False, C:\Users\malgu\Desktop\DeepPython\seminar13
INFO:__main__:task04.cpython-312, pyc, False, C:\Users\malgu\Desktop\DeepPython\seminar13\__pycache__
INFO:__main__:__pycache__, None, True, C:\Users\malgu\Desktop\DeepPython\seminar14
INFO:__main__:task13, json, False, C:\Users\malgu\Desktop\DeepPython\seminar14
INFO:__main__:v, None, True, C:\Users\malgu\Desktop\DeepPython\seminar14\.pytest_cache
INFO:__main__:README, md, False, C:\Users\malgu\Desktop\DeepPython\seminar14\.pytest_cache
INFO:__main__:cache, None, True, C:\Users\malgu\Desktop\DeepPython\seminar14\.pytest_cache\v
INFO:__main__:stepwise, None, False, C:\Users\malgu\Desktop\DeepPython\seminar14\.pytest_cache\v\cache
INFO:__main__:task06.cpython-312-pytest-8.3.3, pyc, False, C:\Users\malgu\Desktop\DeepPython\seminar14\__pycache__
INFO:__main__:__pycache__, None, True, C:\Users\malgu\Desktop\DeepPython\seminar15
INFO:__main__:task_extra, py, False, C:\Users\malgu\Desktop\DeepPython\seminar15
INFO:__main__:task04.cpython-312, pyc, False, C:\Users\malgu\Desktop\DeepPython\seminar15\__pycache__
INFO:__main__:zbljyavdhqskycvf, doc, False, C:\Users\malgu\Desktop\DeepPython\test_folder
